<?xml version="1.0" encoding="UTF-8"?>
<!-- Generated by org.testng.reporters.JUnitXMLReporter -->
<testsuite hostname="Lenovo-IdeaPad-S145-15IKB" ignored="0" name="AesisTest_scenarios" tests="3" failures="0" timestamp="2023-05-27T21:09:42 IST" time="149.627" errors="0">
  <testcase name="aesisAddMedicalrecordTest" time="88.295" classname="com.aesis.test.medical_records.AddMedicalRecordsTest"/>
  <testcase name="aesisEventRecord" time="41.645" classname="com.aesis.test.event_record.AddEventRecordsTest"/>
  <testcase name="aesisReplaceProfilePhoto" time="19.548" classname="com.aesis.test.replace_profile_photo.ReplaceProfilePhotoTest"/>
</testsuite> <!-- AesisTest_scenarios -->
